{"/Users/kyeonghwankim/Documents/SWPP/swpp-hw3-qwerq123456/src/App.js": {"path":"/Users/kyeonghwankim/Documents/SWPP/swpp-hw3-qwerq123456/src/App.js","statementMap":{"0":{"start":{"line":14,"column":2},"end":{"line":32,"column":4}},"1":{"start":{"line":28,"column":31},"end":{"line":28,"column":49}}},"fnMap":{"0":{"name":"App","decl":{"start":{"line":13,"column":9},"end":{"line":13,"column":12}},"loc":{"start":{"line":13,"column":20},"end":{"line":33,"column":1}},"line":13},"1":{"name":"(anonymous_1)","decl":{"start":{"line":28,"column":25},"end":{"line":28,"column":26}},"loc":{"start":{"line":28,"column":31},"end":{"line":28,"column":49}},"line":28}},"branchMap":{},"s":{"0":2,"1":2},"f":{"0":2,"1":2},"b":{},"_coverageSchema":"43e27e138ebf9cfc5966b082cf9a028302ed4184","hash":"6f8c7c97a792169b19d817ecd8abd671fe1d529d"}
,"/Users/kyeonghwankim/Documents/SWPP/swpp-hw3-qwerq123456/src/Login/Login.js": {"path":"/Users/kyeonghwankim/Documents/SWPP/swpp-hw3-qwerq123456/src/Login/Login.js","statementMap":{"0":{"start":{"line":4,"column":10},"end":{"line":8,"column":3}},"1":{"start":{"line":9,"column":22},"end":{"line":18,"column":3}},"2":{"start":{"line":10,"column":17},"end":{"line":10,"column":63}},"3":{"start":{"line":11,"column":4},"end":{"line":14,"column":5}},"4":{"start":{"line":12,"column":6},"end":{"line":12,"column":39}},"5":{"start":{"line":13,"column":6},"end":{"line":13,"column":43}},"6":{"start":{"line":15,"column":4},"end":{"line":17,"column":5}},"7":{"start":{"line":16,"column":6},"end":{"line":16,"column":42}},"8":{"start":{"line":21,"column":4},"end":{"line":23,"column":5}},"9":{"start":{"line":22,"column":6},"end":{"line":22,"column":41}},"10":{"start":{"line":24,"column":4},"end":{"line":45,"column":6}},"11":{"start":{"line":32,"column":31},"end":{"line":32,"column":75}},"12":{"start":{"line":39,"column":31},"end":{"line":39,"column":72}},"13":{"start":{"line":41,"column":49},"end":{"line":41,"column":73}}},"fnMap":{"0":{"name":"(anonymous_0)","decl":{"start":{"line":9,"column":22},"end":{"line":9,"column":23}},"loc":{"start":{"line":9,"column":28},"end":{"line":18,"column":3}},"line":9},"1":{"name":"(anonymous_1)","decl":{"start":{"line":20,"column":2},"end":{"line":20,"column":3}},"loc":{"start":{"line":20,"column":11},"end":{"line":46,"column":3}},"line":20},"2":{"name":"(anonymous_2)","decl":{"start":{"line":32,"column":20},"end":{"line":32,"column":21}},"loc":{"start":{"line":32,"column":31},"end":{"line":32,"column":75}},"line":32},"3":{"name":"(anonymous_3)","decl":{"start":{"line":39,"column":20},"end":{"line":39,"column":21}},"loc":{"start":{"line":39,"column":31},"end":{"line":39,"column":72}},"line":39},"4":{"name":"(anonymous_4)","decl":{"start":{"line":41,"column":43},"end":{"line":41,"column":44}},"loc":{"start":{"line":41,"column":49},"end":{"line":41,"column":73}},"line":41}},"branchMap":{"0":{"loc":{"start":{"line":11,"column":4},"end":{"line":14,"column":5}},"type":"if","locations":[{"start":{"line":11,"column":4},"end":{"line":14,"column":5}},{"start":{"line":11,"column":4},"end":{"line":14,"column":5}}],"line":11},"1":{"loc":{"start":{"line":11,"column":8},"end":{"line":11,"column":65}},"type":"binary-expr","locations":[{"start":{"line":11,"column":8},"end":{"line":11,"column":39}},{"start":{"line":11,"column":43},"end":{"line":11,"column":65}}],"line":11},"2":{"loc":{"start":{"line":15,"column":4},"end":{"line":17,"column":5}},"type":"if","locations":[{"start":{"line":15,"column":4},"end":{"line":17,"column":5}},{"start":{"line":15,"column":4},"end":{"line":17,"column":5}}],"line":15},"3":{"loc":{"start":{"line":21,"column":4},"end":{"line":23,"column":5}},"type":"if","locations":[{"start":{"line":21,"column":4},"end":{"line":23,"column":5}},{"start":{"line":21,"column":4},"end":{"line":23,"column":5}}],"line":21}},"s":{"0":7,"1":7,"2":1,"3":1,"4":0,"5":0,"6":1,"7":0,"8":9,"9":0,"10":9,"11":1,"12":1,"13":1},"f":{"0":1,"1":9,"2":1,"3":1,"4":1},"b":{"0":[0,1],"1":[1,0],"2":[0,1],"3":[0,9]},"_coverageSchema":"43e27e138ebf9cfc5966b082cf9a028302ed4184","hash":"b244aca204cf2933f53706333c4a1e466b1e1802"}
,"/Users/kyeonghwankim/Documents/SWPP/swpp-hw3-qwerq123456/src/components/Article/Article.js": {"path":"/Users/kyeonghwankim/Documents/SWPP/swpp-hw3-qwerq123456/src/components/Article/Article.js","statementMap":{"0":{"start":{"line":3,"column":16},"end":{"line":16,"column":1}},"1":{"start":{"line":4,"column":17},"end":{"line":4,"column":74}},"2":{"start":{"line":5,"column":2},"end":{"line":5,"column":21}},"3":{"start":{"line":6,"column":2},"end":{"line":15,"column":4}},"4":{"start":{"line":11,"column":47},"end":{"line":11,"column":73}}},"fnMap":{"0":{"name":"(anonymous_0)","decl":{"start":{"line":3,"column":16},"end":{"line":3,"column":17}},"loc":{"start":{"line":3,"column":27},"end":{"line":16,"column":1}},"line":3},"1":{"name":"(anonymous_1)","decl":{"start":{"line":11,"column":41},"end":{"line":11,"column":42}},"loc":{"start":{"line":11,"column":47},"end":{"line":11,"column":73}},"line":11}},"branchMap":{},"s":{"0":3,"1":2,"2":2,"3":2,"4":1},"f":{"0":2,"1":1},"b":{},"_coverageSchema":"43e27e138ebf9cfc5966b082cf9a028302ed4184","hash":"a64f89a58c8b56f0a2c0fd3a31ccdaec10346a78"}
,"/Users/kyeonghwankim/Documents/SWPP/swpp-hw3-qwerq123456/src/components/ArticleDetail/ArticleDetail.js": {"path":"/Users/kyeonghwankim/Documents/SWPP/swpp-hw3-qwerq123456/src/components/ArticleDetail/ArticleDetail.js","statementMap":{"0":{"start":{"line":7,"column":10},"end":{"line":13,"column":3}},"1":{"start":{"line":15,"column":4},"end":{"line":15,"column":66}},"2":{"start":{"line":16,"column":4},"end":{"line":16,"column":67}},"3":{"start":{"line":19,"column":37},"end":{"line":25,"column":3}},"4":{"start":{"line":20,"column":4},"end":{"line":24,"column":6}},"5":{"start":{"line":26,"column":28},"end":{"line":37,"column":3}},"6":{"start":{"line":27,"column":4},"end":{"line":27,"column":21}},"7":{"start":{"line":28,"column":22},"end":{"line":28,"column":57}},"8":{"start":{"line":29,"column":4},"end":{"line":36,"column":5}},"9":{"start":{"line":30,"column":6},"end":{"line":35,"column":8}},"10":{"start":{"line":38,"column":30},"end":{"line":40,"column":3}},"11":{"start":{"line":39,"column":4},"end":{"line":39,"column":35}},"12":{"start":{"line":42,"column":28},"end":{"line":44,"column":3}},"13":{"start":{"line":43,"column":4},"end":{"line":43,"column":57}},"14":{"start":{"line":46,"column":30},"end":{"line":49,"column":3}},"15":{"start":{"line":47,"column":4},"end":{"line":47,"column":33}},"16":{"start":{"line":48,"column":4},"end":{"line":48,"column":41}},"17":{"start":{"line":51,"column":33},"end":{"line":53,"column":3}},"18":{"start":{"line":52,"column":4},"end":{"line":52,"column":41}},"19":{"start":{"line":56,"column":16},"end":{"line":56,"column":18}},"20":{"start":{"line":57,"column":18},"end":{"line":57,"column":20}},"21":{"start":{"line":58,"column":17},"end":{"line":58,"column":19}},"22":{"start":{"line":59,"column":13},"end":{"line":59,"column":15}},"23":{"start":{"line":60,"column":20},"end":{"line":60,"column":22}},"24":{"start":{"line":61,"column":4},"end":{"line":73,"column":5}},"25":{"start":{"line":62,"column":6},"end":{"line":62,"column":47}},"26":{"start":{"line":63,"column":6},"end":{"line":63,"column":51}},"27":{"start":{"line":64,"column":6},"end":{"line":64,"column":41}},"28":{"start":{"line":65,"column":6},"end":{"line":65,"column":55}},"29":{"start":{"line":66,"column":6},"end":{"line":72,"column":7}},"30":{"start":{"line":67,"column":8},"end":{"line":67,"column":34}},"31":{"start":{"line":68,"column":13},"end":{"line":72,"column":7}},"32":{"start":{"line":69,"column":8},"end":{"line":69,"column":31}},"33":{"start":{"line":71,"column":8},"end":{"line":71,"column":35}},"34":{"start":{"line":74,"column":19},"end":{"line":74,"column":21}},"35":{"start":{"line":75,"column":4},"end":{"line":91,"column":5}},"36":{"start":{"line":76,"column":6},"end":{"line":90,"column":11}},"37":{"start":{"line":78,"column":10},"end":{"line":78,"column":39}},"38":{"start":{"line":81,"column":10},"end":{"line":89,"column":12}},"39":{"start":{"line":93,"column":4},"end":{"line":137,"column":6}},"40":{"start":{"line":102,"column":12},"end":{"line":102,"column":61}},"41":{"start":{"line":107,"column":25},"end":{"line":107,"column":64}},"42":{"start":{"line":116,"column":27},"end":{"line":116,"column":59}},"43":{"start":{"line":124,"column":27},"end":{"line":124,"column":59}},"44":{"start":{"line":131,"column":25},"end":{"line":131,"column":60}},"45":{"start":{"line":140,"column":24},"end":{"line":145,"column":1}},"46":{"start":{"line":141,"column":2},"end":{"line":144,"column":4}},"47":{"start":{"line":146,"column":27},"end":{"line":170,"column":1}},"48":{"start":{"line":147,"column":2},"end":{"line":169,"column":4}},"49":{"start":{"line":148,"column":26},"end":{"line":148,"column":65}},"50":{"start":{"line":149,"column":29},"end":{"line":149,"column":71}},"51":{"start":{"line":150,"column":27},"end":{"line":150,"column":67}},"52":{"start":{"line":151,"column":29},"end":{"line":151,"column":71}},"53":{"start":{"line":153,"column":6},"end":{"line":160,"column":7}},"54":{"start":{"line":162,"column":6},"end":{"line":168,"column":7}}},"fnMap":{"0":{"name":"(anonymous_0)","decl":{"start":{"line":14,"column":2},"end":{"line":14,"column":3}},"loc":{"start":{"line":14,"column":22},"end":{"line":17,"column":3}},"line":14},"1":{"name":"(anonymous_1)","decl":{"start":{"line":19,"column":37},"end":{"line":19,"column":38}},"loc":{"start":{"line":19,"column":46},"end":{"line":25,"column":3}},"line":19},"2":{"name":"(anonymous_2)","decl":{"start":{"line":26,"column":28},"end":{"line":26,"column":29}},"loc":{"start":{"line":26,"column":37},"end":{"line":37,"column":3}},"line":26},"3":{"name":"(anonymous_3)","decl":{"start":{"line":38,"column":30},"end":{"line":38,"column":31}},"loc":{"start":{"line":38,"column":38},"end":{"line":40,"column":3}},"line":38},"4":{"name":"(anonymous_4)","decl":{"start":{"line":42,"column":28},"end":{"line":42,"column":29}},"loc":{"start":{"line":42,"column":36},"end":{"line":44,"column":3}},"line":42},"5":{"name":"(anonymous_5)","decl":{"start":{"line":46,"column":30},"end":{"line":46,"column":31}},"loc":{"start":{"line":46,"column":36},"end":{"line":49,"column":3}},"line":46},"6":{"name":"(anonymous_6)","decl":{"start":{"line":51,"column":33},"end":{"line":51,"column":34}},"loc":{"start":{"line":51,"column":39},"end":{"line":53,"column":3}},"line":51},"7":{"name":"(anonymous_7)","decl":{"start":{"line":55,"column":2},"end":{"line":55,"column":3}},"loc":{"start":{"line":55,"column":11},"end":{"line":138,"column":3}},"line":55},"8":{"name":"(anonymous_8)","decl":{"start":{"line":77,"column":16},"end":{"line":77,"column":17}},"loc":{"start":{"line":77,"column":25},"end":{"line":79,"column":9}},"line":77},"9":{"name":"(anonymous_9)","decl":{"start":{"line":80,"column":13},"end":{"line":80,"column":14}},"loc":{"start":{"line":80,"column":22},"end":{"line":90,"column":9}},"line":80},"10":{"name":"(anonymous_10)","decl":{"start":{"line":101,"column":20},"end":{"line":101,"column":21}},"loc":{"start":{"line":102,"column":12},"end":{"line":102,"column":61}},"line":102},"11":{"name":"(anonymous_11)","decl":{"start":{"line":107,"column":19},"end":{"line":107,"column":20}},"loc":{"start":{"line":107,"column":25},"end":{"line":107,"column":64}},"line":107},"12":{"name":"(anonymous_12)","decl":{"start":{"line":116,"column":21},"end":{"line":116,"column":22}},"loc":{"start":{"line":116,"column":27},"end":{"line":116,"column":59}},"line":116},"13":{"name":"(anonymous_13)","decl":{"start":{"line":124,"column":21},"end":{"line":124,"column":22}},"loc":{"start":{"line":124,"column":27},"end":{"line":124,"column":59}},"line":124},"14":{"name":"(anonymous_14)","decl":{"start":{"line":131,"column":19},"end":{"line":131,"column":20}},"loc":{"start":{"line":131,"column":25},"end":{"line":131,"column":60}},"line":131},"15":{"name":"(anonymous_15)","decl":{"start":{"line":140,"column":24},"end":{"line":140,"column":25}},"loc":{"start":{"line":140,"column":35},"end":{"line":145,"column":1}},"line":140},"16":{"name":"(anonymous_16)","decl":{"start":{"line":146,"column":27},"end":{"line":146,"column":28}},"loc":{"start":{"line":146,"column":41},"end":{"line":170,"column":1}},"line":146},"17":{"name":"(anonymous_17)","decl":{"start":{"line":148,"column":18},"end":{"line":148,"column":19}},"loc":{"start":{"line":148,"column":26},"end":{"line":148,"column":65}},"line":148},"18":{"name":"(anonymous_18)","decl":{"start":{"line":149,"column":21},"end":{"line":149,"column":22}},"loc":{"start":{"line":149,"column":29},"end":{"line":149,"column":71}},"line":149},"19":{"name":"(anonymous_19)","decl":{"start":{"line":150,"column":19},"end":{"line":150,"column":20}},"loc":{"start":{"line":150,"column":27},"end":{"line":150,"column":67}},"line":150},"20":{"name":"(anonymous_20)","decl":{"start":{"line":151,"column":21},"end":{"line":151,"column":22}},"loc":{"start":{"line":151,"column":29},"end":{"line":151,"column":71}},"line":151},"21":{"name":"(anonymous_21)","decl":{"start":{"line":152,"column":19},"end":{"line":152,"column":20}},"loc":{"start":{"line":153,"column":6},"end":{"line":160,"column":7}},"line":153},"22":{"name":"(anonymous_22)","decl":{"start":{"line":161,"column":20},"end":{"line":161,"column":21}},"loc":{"start":{"line":162,"column":6},"end":{"line":168,"column":7}},"line":162}},"branchMap":{"0":{"loc":{"start":{"line":29,"column":4},"end":{"line":36,"column":5}},"type":"if","locations":[{"start":{"line":29,"column":4},"end":{"line":36,"column":5}},{"start":{"line":29,"column":4},"end":{"line":36,"column":5}}],"line":29},"1":{"loc":{"start":{"line":61,"column":4},"end":{"line":73,"column":5}},"type":"if","locations":[{"start":{"line":61,"column":4},"end":{"line":73,"column":5}},{"start":{"line":61,"column":4},"end":{"line":73,"column":5}}],"line":61},"2":{"loc":{"start":{"line":66,"column":6},"end":{"line":72,"column":7}},"type":"if","locations":[{"start":{"line":66,"column":6},"end":{"line":72,"column":7}},{"start":{"line":66,"column":6},"end":{"line":72,"column":7}}],"line":66},"3":{"loc":{"start":{"line":68,"column":13},"end":{"line":72,"column":7}},"type":"if","locations":[{"start":{"line":68,"column":13},"end":{"line":72,"column":7}},{"start":{"line":68,"column":13},"end":{"line":72,"column":7}}],"line":68},"4":{"loc":{"start":{"line":75,"column":4},"end":{"line":91,"column":5}},"type":"if","locations":[{"start":{"line":75,"column":4},"end":{"line":91,"column":5}},{"start":{"line":75,"column":4},"end":{"line":91,"column":5}}],"line":75},"5":{"loc":{"start":{"line":75,"column":8},"end":{"line":75,"column":36}},"type":"binary-expr","locations":[{"start":{"line":75,"column":8},"end":{"line":75,"column":30}},{"start":{"line":75,"column":34},"end":{"line":75,"column":36}}],"line":75},"6":{"loc":{"start":{"line":113,"column":9},"end":{"line":120,"column":9}},"type":"binary-expr","locations":[{"start":{"line":113,"column":9},"end":{"line":113,"column":24}},{"start":{"line":114,"column":10},"end":{"line":119,"column":19}}],"line":113},"7":{"loc":{"start":{"line":121,"column":9},"end":{"line":128,"column":9}},"type":"binary-expr","locations":[{"start":{"line":121,"column":9},"end":{"line":121,"column":24}},{"start":{"line":122,"column":10},"end":{"line":127,"column":19}}],"line":121}},"s":{"0":4,"1":4,"2":4,"3":4,"4":1,"5":4,"6":0,"7":0,"8":0,"9":0,"10":4,"11":0,"12":4,"13":0,"14":4,"15":0,"16":0,"17":4,"18":1,"19":5,"20":5,"21":5,"22":5,"23":5,"24":5,"25":0,"26":0,"27":0,"28":0,"29":0,"30":0,"31":0,"32":0,"33":0,"34":5,"35":5,"36":0,"37":0,"38":0,"39":5,"40":1,"41":1,"42":0,"43":0,"44":1,"45":2,"46":4,"47":2,"48":4,"49":4,"50":0,"51":4,"52":0,"53":0,"54":1},"f":{"0":4,"1":1,"2":0,"3":0,"4":0,"5":0,"6":1,"7":5,"8":0,"9":0,"10":1,"11":1,"12":0,"13":0,"14":1,"15":4,"16":4,"17":4,"18":0,"19":4,"20":0,"21":0,"22":1},"b":{"0":[0,0],"1":[0,5],"2":[0,0],"3":[0,0],"4":[0,5],"5":[5,0],"6":[5,0],"7":[5,0]},"_coverageSchema":"43e27e138ebf9cfc5966b082cf9a028302ed4184","hash":"8debf99371249a4f943c2dc549605b57d4040fe7"}
,"/Users/kyeonghwankim/Documents/SWPP/swpp-hw3-qwerq123456/src/components/Comment/Comment.js": {"path":"/Users/kyeonghwankim/Documents/SWPP/swpp-hw3-qwerq123456/src/components/Comment/Comment.js","statementMap":{"0":{"start":{"line":3,"column":16},"end":{"line":27,"column":1}},"1":{"start":{"line":4,"column":17},"end":{"line":4,"column":74}},"2":{"start":{"line":5,"column":2},"end":{"line":26,"column":4}},"3":{"start":{"line":12,"column":10},"end":{"line":12,"column":49}},"4":{"start":{"line":20,"column":10},"end":{"line":20,"column":40}}},"fnMap":{"0":{"name":"(anonymous_0)","decl":{"start":{"line":3,"column":16},"end":{"line":3,"column":17}},"loc":{"start":{"line":3,"column":27},"end":{"line":27,"column":1}},"line":3},"1":{"name":"(anonymous_1)","decl":{"start":{"line":11,"column":17},"end":{"line":11,"column":18}},"loc":{"start":{"line":11,"column":23},"end":{"line":13,"column":9}},"line":11},"2":{"name":"(anonymous_2)","decl":{"start":{"line":19,"column":17},"end":{"line":19,"column":18}},"loc":{"start":{"line":19,"column":23},"end":{"line":21,"column":9}},"line":19}},"branchMap":{},"s":{"0":2,"1":3,"2":3,"3":1,"4":1},"f":{"0":3,"1":1,"2":1},"b":{},"_coverageSchema":"43e27e138ebf9cfc5966b082cf9a028302ed4184","hash":"a47614b460159ae8a69b21c444252ceea8aaf274"}
,"/Users/kyeonghwankim/Documents/SWPP/swpp-hw3-qwerq123456/src/containers/ArticleList.js": {"path":"/Users/kyeonghwankim/Documents/SWPP/swpp-hw3-qwerq123456/src/containers/ArticleList.js","statementMap":{"0":{"start":{"line":9,"column":4},"end":{"line":9,"column":26}},"1":{"start":{"line":11,"column":23},"end":{"line":13,"column":3}},"2":{"start":{"line":12,"column":4},"end":{"line":12,"column":48}},"3":{"start":{"line":14,"column":22},"end":{"line":16,"column":3}},"4":{"start":{"line":15,"column":4},"end":{"line":15,"column":47}},"5":{"start":{"line":18,"column":19},"end":{"line":18,"column":21}},"6":{"start":{"line":19,"column":4},"end":{"line":30,"column":5}},"7":{"start":{"line":20,"column":6},"end":{"line":29,"column":9}},"8":{"start":{"line":21,"column":8},"end":{"line":28,"column":10}},"9":{"start":{"line":31,"column":4},"end":{"line":41,"column":6}},"10":{"start":{"line":36,"column":25},"end":{"line":36,"column":50}},"11":{"start":{"line":44,"column":24},"end":{"line":48,"column":1}},"12":{"start":{"line":45,"column":2},"end":{"line":47,"column":4}},"13":{"start":{"line":49,"column":27},"end":{"line":53,"column":1}},"14":{"start":{"line":50,"column":2},"end":{"line":52,"column":4}},"15":{"start":{"line":51,"column":20},"end":{"line":51,"column":58}}},"fnMap":{"0":{"name":"(anonymous_0)","decl":{"start":{"line":8,"column":2},"end":{"line":8,"column":3}},"loc":{"start":{"line":8,"column":22},"end":{"line":10,"column":3}},"line":8},"1":{"name":"(anonymous_1)","decl":{"start":{"line":11,"column":23},"end":{"line":11,"column":24}},"loc":{"start":{"line":11,"column":29},"end":{"line":13,"column":3}},"line":11},"2":{"name":"(anonymous_2)","decl":{"start":{"line":14,"column":22},"end":{"line":14,"column":23}},"loc":{"start":{"line":14,"column":30},"end":{"line":16,"column":3}},"line":14},"3":{"name":"(anonymous_3)","decl":{"start":{"line":17,"column":2},"end":{"line":17,"column":3}},"loc":{"start":{"line":17,"column":11},"end":{"line":42,"column":3}},"line":17},"4":{"name":"(anonymous_4)","decl":{"start":{"line":20,"column":47},"end":{"line":20,"column":48}},"loc":{"start":{"line":20,"column":55},"end":{"line":29,"column":7}},"line":20},"5":{"name":"(anonymous_5)","decl":{"start":{"line":36,"column":19},"end":{"line":36,"column":20}},"loc":{"start":{"line":36,"column":25},"end":{"line":36,"column":50}},"line":36},"6":{"name":"(anonymous_6)","decl":{"start":{"line":44,"column":24},"end":{"line":44,"column":25}},"loc":{"start":{"line":44,"column":35},"end":{"line":48,"column":1}},"line":44},"7":{"name":"(anonymous_7)","decl":{"start":{"line":49,"column":27},"end":{"line":49,"column":28}},"loc":{"start":{"line":49,"column":41},"end":{"line":53,"column":1}},"line":49},"8":{"name":"(anonymous_8)","decl":{"start":{"line":51,"column":14},"end":{"line":51,"column":15}},"loc":{"start":{"line":51,"column":20},"end":{"line":51,"column":58}},"line":51}},"branchMap":{"0":{"loc":{"start":{"line":19,"column":4},"end":{"line":30,"column":5}},"type":"if","locations":[{"start":{"line":19,"column":4},"end":{"line":30,"column":5}},{"start":{"line":19,"column":4},"end":{"line":30,"column":5}}],"line":19}},"s":{"0":1,"1":1,"2":0,"3":1,"4":0,"5":1,"6":1,"7":0,"8":0,"9":1,"10":0,"11":2,"12":1,"13":2,"14":1,"15":1},"f":{"0":1,"1":0,"2":0,"3":1,"4":0,"5":0,"6":1,"7":1,"8":1},"b":{"0":[0,1]},"_coverageSchema":"43e27e138ebf9cfc5966b082cf9a028302ed4184","hash":"5f767512f286f5752479170eac85f515565bae54"}
,"/Users/kyeonghwankim/Documents/SWPP/swpp-hw3-qwerq123456/src/containers/EditArticles/EditArticles.js": {"path":"/Users/kyeonghwankim/Documents/SWPP/swpp-hw3-qwerq123456/src/containers/EditArticles/EditArticles.js","statementMap":{"0":{"start":{"line":7,"column":10},"end":{"line":12,"column":3}},"1":{"start":{"line":14,"column":22},"end":{"line":24,"column":3}},"2":{"start":{"line":15,"column":4},"end":{"line":15,"column":66}},"3":{"start":{"line":16,"column":4},"end":{"line":23,"column":5}},"4":{"start":{"line":17,"column":6},"end":{"line":22,"column":9}},"5":{"start":{"line":26,"column":25},"end":{"line":28,"column":3}},"6":{"start":{"line":27,"column":4},"end":{"line":27,"column":41}},"7":{"start":{"line":29,"column":28},"end":{"line":37,"column":3}},"8":{"start":{"line":30,"column":4},"end":{"line":35,"column":6}},"9":{"start":{"line":36,"column":4},"end":{"line":36,"column":58}},"10":{"start":{"line":38,"column":27},"end":{"line":40,"column":3}},"11":{"start":{"line":39,"column":4},"end":{"line":39,"column":40}},"12":{"start":{"line":41,"column":25},"end":{"line":43,"column":3}},"13":{"start":{"line":42,"column":4},"end":{"line":42,"column":38}},"14":{"start":{"line":45,"column":4},"end":{"line":131,"column":5}},"15":{"start":{"line":46,"column":6},"end":{"line":96,"column":8}},"16":{"start":{"line":55,"column":14},"end":{"line":60,"column":16}},"17":{"start":{"line":68,"column":33},"end":{"line":68,"column":79}},"18":{"start":{"line":72,"column":27},"end":{"line":72,"column":54}},"19":{"start":{"line":78,"column":27},"end":{"line":78,"column":57}},"20":{"start":{"line":85,"column":27},"end":{"line":85,"column":56}},"21":{"start":{"line":91,"column":27},"end":{"line":91,"column":54}},"22":{"start":{"line":98,"column":6},"end":{"line":130,"column":8}},"23":{"start":{"line":106,"column":27},"end":{"line":106,"column":54}},"24":{"start":{"line":112,"column":27},"end":{"line":112,"column":57}},"25":{"start":{"line":119,"column":27},"end":{"line":119,"column":56}},"26":{"start":{"line":125,"column":27},"end":{"line":125,"column":54}},"27":{"start":{"line":135,"column":24},"end":{"line":139,"column":1}},"28":{"start":{"line":136,"column":2},"end":{"line":138,"column":4}},"29":{"start":{"line":141,"column":27},"end":{"line":154,"column":1}},"30":{"start":{"line":142,"column":2},"end":{"line":153,"column":4}},"31":{"start":{"line":144,"column":6},"end":{"line":151,"column":7}},"32":{"start":{"line":152,"column":26},"end":{"line":152,"column":65}}},"fnMap":{"0":{"name":"(anonymous_0)","decl":{"start":{"line":14,"column":22},"end":{"line":14,"column":23}},"loc":{"start":{"line":14,"column":28},"end":{"line":24,"column":3}},"line":14},"1":{"name":"(anonymous_1)","decl":{"start":{"line":26,"column":25},"end":{"line":26,"column":26}},"loc":{"start":{"line":26,"column":31},"end":{"line":28,"column":3}},"line":26},"2":{"name":"(anonymous_2)","decl":{"start":{"line":29,"column":28},"end":{"line":29,"column":29}},"loc":{"start":{"line":29,"column":36},"end":{"line":37,"column":3}},"line":29},"3":{"name":"(anonymous_3)","decl":{"start":{"line":38,"column":27},"end":{"line":38,"column":28}},"loc":{"start":{"line":38,"column":33},"end":{"line":40,"column":3}},"line":38},"4":{"name":"(anonymous_4)","decl":{"start":{"line":41,"column":25},"end":{"line":41,"column":26}},"loc":{"start":{"line":41,"column":31},"end":{"line":43,"column":3}},"line":41},"5":{"name":"(anonymous_5)","decl":{"start":{"line":44,"column":2},"end":{"line":44,"column":3}},"loc":{"start":{"line":44,"column":11},"end":{"line":132,"column":3}},"line":44},"6":{"name":"(anonymous_6)","decl":{"start":{"line":54,"column":22},"end":{"line":54,"column":23}},"loc":{"start":{"line":55,"column":14},"end":{"line":60,"column":16}},"line":55},"7":{"name":"(anonymous_7)","decl":{"start":{"line":68,"column":22},"end":{"line":68,"column":23}},"loc":{"start":{"line":68,"column":33},"end":{"line":68,"column":79}},"line":68},"8":{"name":"(anonymous_8)","decl":{"start":{"line":72,"column":21},"end":{"line":72,"column":22}},"loc":{"start":{"line":72,"column":27},"end":{"line":72,"column":54}},"line":72},"9":{"name":"(anonymous_9)","decl":{"start":{"line":78,"column":21},"end":{"line":78,"column":22}},"loc":{"start":{"line":78,"column":27},"end":{"line":78,"column":57}},"line":78},"10":{"name":"(anonymous_10)","decl":{"start":{"line":85,"column":21},"end":{"line":85,"column":22}},"loc":{"start":{"line":85,"column":27},"end":{"line":85,"column":56}},"line":85},"11":{"name":"(anonymous_11)","decl":{"start":{"line":91,"column":21},"end":{"line":91,"column":22}},"loc":{"start":{"line":91,"column":27},"end":{"line":91,"column":54}},"line":91},"12":{"name":"(anonymous_12)","decl":{"start":{"line":106,"column":21},"end":{"line":106,"column":22}},"loc":{"start":{"line":106,"column":27},"end":{"line":106,"column":54}},"line":106},"13":{"name":"(anonymous_13)","decl":{"start":{"line":112,"column":21},"end":{"line":112,"column":22}},"loc":{"start":{"line":112,"column":27},"end":{"line":112,"column":57}},"line":112},"14":{"name":"(anonymous_14)","decl":{"start":{"line":119,"column":21},"end":{"line":119,"column":22}},"loc":{"start":{"line":119,"column":27},"end":{"line":119,"column":56}},"line":119},"15":{"name":"(anonymous_15)","decl":{"start":{"line":125,"column":21},"end":{"line":125,"column":22}},"loc":{"start":{"line":125,"column":27},"end":{"line":125,"column":54}},"line":125},"16":{"name":"(anonymous_16)","decl":{"start":{"line":135,"column":24},"end":{"line":135,"column":25}},"loc":{"start":{"line":135,"column":35},"end":{"line":139,"column":1}},"line":135},"17":{"name":"(anonymous_17)","decl":{"start":{"line":141,"column":27},"end":{"line":141,"column":28}},"loc":{"start":{"line":141,"column":41},"end":{"line":154,"column":1}},"line":141},"18":{"name":"(anonymous_18)","decl":{"start":{"line":143,"column":19},"end":{"line":143,"column":20}},"loc":{"start":{"line":144,"column":6},"end":{"line":151,"column":7}},"line":144},"19":{"name":"(anonymous_19)","decl":{"start":{"line":152,"column":18},"end":{"line":152,"column":19}},"loc":{"start":{"line":152,"column":26},"end":{"line":152,"column":65}},"line":152}},"branchMap":{"0":{"loc":{"start":{"line":16,"column":4},"end":{"line":23,"column":5}},"type":"if","locations":[{"start":{"line":16,"column":4},"end":{"line":23,"column":5}},{"start":{"line":16,"column":4},"end":{"line":23,"column":5}}],"line":16},"1":{"loc":{"start":{"line":45,"column":4},"end":{"line":131,"column":5}},"type":"if","locations":[{"start":{"line":45,"column":4},"end":{"line":131,"column":5}},{"start":{"line":45,"column":4},"end":{"line":131,"column":5}}],"line":45},"2":{"loc":{"start":{"line":79,"column":22},"end":{"line":79,"column":74}},"type":"binary-expr","locations":[{"start":{"line":79,"column":22},"end":{"line":79,"column":45}},{"start":{"line":79,"column":49},"end":{"line":79,"column":74}}],"line":79},"3":{"loc":{"start":{"line":113,"column":22},"end":{"line":113,"column":74}},"type":"binary-expr","locations":[{"start":{"line":113,"column":22},"end":{"line":113,"column":45}},{"start":{"line":113,"column":49},"end":{"line":113,"column":74}}],"line":113}},"s":{"0":7,"1":7,"2":7,"3":7,"4":0,"5":7,"6":1,"7":7,"8":1,"9":1,"10":7,"11":2,"12":7,"13":2,"14":15,"15":13,"16":2,"17":2,"18":1,"19":1,"20":1,"21":1,"22":2,"23":0,"24":0,"25":1,"26":1,"27":2,"28":7,"29":2,"30":7,"31":1,"32":7},"f":{"0":7,"1":1,"2":1,"3":2,"4":2,"5":15,"6":2,"7":2,"8":1,"9":1,"10":1,"11":1,"12":0,"13":0,"14":1,"15":1,"16":7,"17":7,"18":1,"19":7},"b":{"0":[0,7],"1":[13,2],"2":[13,3],"3":[2,0]},"_coverageSchema":"43e27e138ebf9cfc5966b082cf9a028302ed4184","hash":"4654f6d4681f05371513043bcaad1c9dad268b14"}
,"/Users/kyeonghwankim/Documents/SWPP/swpp-hw3-qwerq123456/src/containers/WriteArticle/WriteArticle.js": {"path":"/Users/kyeonghwankim/Documents/SWPP/swpp-hw3-qwerq123456/src/containers/WriteArticle/WriteArticle.js","statementMap":{"0":{"start":{"line":7,"column":10},"end":{"line":12,"column":3}},"1":{"start":{"line":13,"column":27},"end":{"line":15,"column":3}},"2":{"start":{"line":14,"column":4},"end":{"line":14,"column":41}},"3":{"start":{"line":16,"column":30},"end":{"line":23,"column":3}},"4":{"start":{"line":17,"column":4},"end":{"line":22,"column":6}},"5":{"start":{"line":24,"column":27},"end":{"line":26,"column":3}},"6":{"start":{"line":25,"column":4},"end":{"line":25,"column":40}},"7":{"start":{"line":27,"column":25},"end":{"line":29,"column":3}},"8":{"start":{"line":28,"column":4},"end":{"line":28,"column":38}},"9":{"start":{"line":31,"column":4},"end":{"line":116,"column":5}},"10":{"start":{"line":32,"column":6},"end":{"line":81,"column":8}},"11":{"start":{"line":41,"column":14},"end":{"line":45,"column":16}},"12":{"start":{"line":53,"column":33},"end":{"line":53,"column":79}},"13":{"start":{"line":57,"column":27},"end":{"line":57,"column":56}},"14":{"start":{"line":63,"column":27},"end":{"line":63,"column":59}},"15":{"start":{"line":70,"column":27},"end":{"line":70,"column":56}},"16":{"start":{"line":76,"column":27},"end":{"line":76,"column":54}},"17":{"start":{"line":83,"column":6},"end":{"line":115,"column":8}},"18":{"start":{"line":91,"column":27},"end":{"line":91,"column":56}},"19":{"start":{"line":97,"column":27},"end":{"line":97,"column":59}},"20":{"start":{"line":104,"column":27},"end":{"line":104,"column":56}},"21":{"start":{"line":110,"column":27},"end":{"line":110,"column":54}},"22":{"start":{"line":119,"column":27},"end":{"line":131,"column":1}},"23":{"start":{"line":120,"column":2},"end":{"line":130,"column":4}},"24":{"start":{"line":122,"column":6},"end":{"line":129,"column":7}}},"fnMap":{"0":{"name":"(anonymous_0)","decl":{"start":{"line":13,"column":27},"end":{"line":13,"column":28}},"loc":{"start":{"line":13,"column":33},"end":{"line":15,"column":3}},"line":13},"1":{"name":"(anonymous_1)","decl":{"start":{"line":16,"column":30},"end":{"line":16,"column":31}},"loc":{"start":{"line":16,"column":38},"end":{"line":23,"column":3}},"line":16},"2":{"name":"(anonymous_2)","decl":{"start":{"line":24,"column":27},"end":{"line":24,"column":28}},"loc":{"start":{"line":24,"column":33},"end":{"line":26,"column":3}},"line":24},"3":{"name":"(anonymous_3)","decl":{"start":{"line":27,"column":25},"end":{"line":27,"column":26}},"loc":{"start":{"line":27,"column":31},"end":{"line":29,"column":3}},"line":27},"4":{"name":"(anonymous_4)","decl":{"start":{"line":30,"column":2},"end":{"line":30,"column":3}},"loc":{"start":{"line":30,"column":11},"end":{"line":117,"column":3}},"line":30},"5":{"name":"(anonymous_5)","decl":{"start":{"line":40,"column":22},"end":{"line":40,"column":23}},"loc":{"start":{"line":41,"column":14},"end":{"line":45,"column":16}},"line":41},"6":{"name":"(anonymous_6)","decl":{"start":{"line":53,"column":22},"end":{"line":53,"column":23}},"loc":{"start":{"line":53,"column":33},"end":{"line":53,"column":79}},"line":53},"7":{"name":"(anonymous_7)","decl":{"start":{"line":57,"column":21},"end":{"line":57,"column":22}},"loc":{"start":{"line":57,"column":27},"end":{"line":57,"column":56}},"line":57},"8":{"name":"(anonymous_8)","decl":{"start":{"line":63,"column":21},"end":{"line":63,"column":22}},"loc":{"start":{"line":63,"column":27},"end":{"line":63,"column":59}},"line":63},"9":{"name":"(anonymous_9)","decl":{"start":{"line":70,"column":21},"end":{"line":70,"column":22}},"loc":{"start":{"line":70,"column":27},"end":{"line":70,"column":56}},"line":70},"10":{"name":"(anonymous_10)","decl":{"start":{"line":76,"column":21},"end":{"line":76,"column":22}},"loc":{"start":{"line":76,"column":27},"end":{"line":76,"column":54}},"line":76},"11":{"name":"(anonymous_11)","decl":{"start":{"line":91,"column":21},"end":{"line":91,"column":22}},"loc":{"start":{"line":91,"column":27},"end":{"line":91,"column":56}},"line":91},"12":{"name":"(anonymous_12)","decl":{"start":{"line":97,"column":21},"end":{"line":97,"column":22}},"loc":{"start":{"line":97,"column":27},"end":{"line":97,"column":59}},"line":97},"13":{"name":"(anonymous_13)","decl":{"start":{"line":104,"column":21},"end":{"line":104,"column":22}},"loc":{"start":{"line":104,"column":27},"end":{"line":104,"column":56}},"line":104},"14":{"name":"(anonymous_14)","decl":{"start":{"line":110,"column":21},"end":{"line":110,"column":22}},"loc":{"start":{"line":110,"column":27},"end":{"line":110,"column":54}},"line":110},"15":{"name":"(anonymous_15)","decl":{"start":{"line":119,"column":27},"end":{"line":119,"column":28}},"loc":{"start":{"line":119,"column":41},"end":{"line":131,"column":1}},"line":119},"16":{"name":"(anonymous_16)","decl":{"start":{"line":121,"column":20},"end":{"line":121,"column":21}},"loc":{"start":{"line":122,"column":6},"end":{"line":129,"column":7}},"line":122}},"branchMap":{"0":{"loc":{"start":{"line":31,"column":4},"end":{"line":116,"column":5}},"type":"if","locations":[{"start":{"line":31,"column":4},"end":{"line":116,"column":5}},{"start":{"line":31,"column":4},"end":{"line":116,"column":5}}],"line":31},"1":{"loc":{"start":{"line":64,"column":22},"end":{"line":64,"column":74}},"type":"binary-expr","locations":[{"start":{"line":64,"column":22},"end":{"line":64,"column":45}},{"start":{"line":64,"column":49},"end":{"line":64,"column":74}}],"line":64},"2":{"loc":{"start":{"line":98,"column":22},"end":{"line":98,"column":74}},"type":"binary-expr","locations":[{"start":{"line":98,"column":22},"end":{"line":98,"column":45}},{"start":{"line":98,"column":49},"end":{"line":98,"column":74}}],"line":98}},"s":{"0":7,"1":7,"2":1,"3":7,"4":0,"5":7,"6":2,"7":7,"8":2,"9":13,"10":11,"11":1,"12":1,"13":1,"14":0,"15":1,"16":1,"17":2,"18":0,"19":0,"20":1,"21":1,"22":2,"23":7,"24":0},"f":{"0":1,"1":0,"2":2,"3":2,"4":13,"5":1,"6":1,"7":1,"8":0,"9":1,"10":1,"11":0,"12":0,"13":1,"14":1,"15":7,"16":0},"b":{"0":[11,2],"1":[11,1],"2":[2,0]},"_coverageSchema":"43e27e138ebf9cfc5966b082cf9a028302ed4184","hash":"d60025839ec05aada2e89e8baf032193bee75a76"}
,"/Users/kyeonghwankim/Documents/SWPP/swpp-hw3-qwerq123456/src/store/store.js": {"path":"/Users/kyeonghwankim/Documents/SWPP/swpp-hw3-qwerq123456/src/store/store.js","statementMap":{"0":{"start":{"line":8,"column":23},"end":{"line":8,"column":45}},"1":{"start":{"line":9,"column":20},"end":{"line":12,"column":2}},"2":{"start":{"line":13,"column":27},"end":{"line":13,"column":61}},"3":{"start":{"line":15,"column":25},"end":{"line":15,"column":79}},"4":{"start":{"line":16,"column":14},"end":{"line":19,"column":1}}},"fnMap":{},"branchMap":{"0":{"loc":{"start":{"line":15,"column":25},"end":{"line":15,"column":79}},"type":"binary-expr","locations":[{"start":{"line":15,"column":25},"end":{"line":15,"column":68}},{"start":{"line":15,"column":72},"end":{"line":15,"column":79}}],"line":15}},"s":{"0":8,"1":8,"2":8,"3":8,"4":8},"f":{},"b":{"0":[8,8]},"_coverageSchema":"43e27e138ebf9cfc5966b082cf9a028302ed4184","hash":"d4ddb79497b9f6c799b64ce814cfd71ef141802d"}
,"/Users/kyeonghwankim/Documents/SWPP/swpp-hw3-qwerq123456/src/store/actions/actionTypes.js": {"path":"/Users/kyeonghwankim/Documents/SWPP/swpp-hw3-qwerq123456/src/store/actions/actionTypes.js","statementMap":{"0":{"start":{"line":1,"column":31},"end":{"line":1,"column":48}},"1":{"start":{"line":2,"column":31},"end":{"line":2,"column":48}},"2":{"start":{"line":3,"column":27},"end":{"line":3,"column":40}},"3":{"start":{"line":4,"column":27},"end":{"line":4,"column":40}},"4":{"start":{"line":5,"column":28},"end":{"line":5,"column":42}},"5":{"start":{"line":6,"column":27},"end":{"line":6,"column":40}},"6":{"start":{"line":7,"column":30},"end":{"line":7,"column":46}},"7":{"start":{"line":8,"column":27},"end":{"line":8,"column":40}},"8":{"start":{"line":9,"column":27},"end":{"line":9,"column":40}},"9":{"start":{"line":10,"column":28},"end":{"line":10,"column":42}},"10":{"start":{"line":11,"column":30},"end":{"line":11,"column":46}}},"fnMap":{},"branchMap":{},"s":{"0":10,"1":10,"2":10,"3":10,"4":10,"5":10,"6":10,"7":10,"8":10,"9":10,"10":10},"f":{},"b":{},"_coverageSchema":"43e27e138ebf9cfc5966b082cf9a028302ed4184","hash":"89880915f12947660d8ecb81eb2f242d18ce5de4"}
,"/Users/kyeonghwankim/Documents/SWPP/swpp-hw3-qwerq123456/src/store/actions/article.js": {"path":"/Users/kyeonghwankim/Documents/SWPP/swpp-hw3-qwerq123456/src/store/actions/article.js","statementMap":{"0":{"start":{"line":6,"column":28},"end":{"line":8,"column":1}},"1":{"start":{"line":7,"column":2},"end":{"line":7,"column":67}},"2":{"start":{"line":10,"column":27},"end":{"line":16,"column":1}},"3":{"start":{"line":11,"column":2},"end":{"line":15,"column":4}},"4":{"start":{"line":12,"column":4},"end":{"line":14,"column":55}},"5":{"start":{"line":14,"column":21},"end":{"line":14,"column":53}},"6":{"start":{"line":18,"column":27},"end":{"line":20,"column":1}},"7":{"start":{"line":19,"column":2},"end":{"line":19,"column":60}},"8":{"start":{"line":22,"column":26},"end":{"line":28,"column":1}},"9":{"start":{"line":23,"column":2},"end":{"line":27,"column":4}},"10":{"start":{"line":24,"column":4},"end":{"line":26,"column":7}},"11":{"start":{"line":25,"column":6},"end":{"line":25,"column":38}},"12":{"start":{"line":30,"column":28},"end":{"line":38,"column":1}},"13":{"start":{"line":31,"column":2},"end":{"line":37,"column":4}},"14":{"start":{"line":40,"column":27},"end":{"line":47,"column":1}},"15":{"start":{"line":41,"column":2},"end":{"line":46,"column":4}},"16":{"start":{"line":42,"column":4},"end":{"line":45,"column":7}},"17":{"start":{"line":43,"column":6},"end":{"line":43,"column":39}},"18":{"start":{"line":44,"column":6},"end":{"line":44,"column":49}},"19":{"start":{"line":49,"column":28},"end":{"line":57,"column":1}},"20":{"start":{"line":50,"column":2},"end":{"line":56,"column":4}},"21":{"start":{"line":59,"column":27},"end":{"line":66,"column":1}},"22":{"start":{"line":60,"column":2},"end":{"line":65,"column":4}},"23":{"start":{"line":61,"column":4},"end":{"line":64,"column":7}},"24":{"start":{"line":62,"column":6},"end":{"line":62,"column":39}},"25":{"start":{"line":63,"column":6},"end":{"line":63,"column":49}},"26":{"start":{"line":68,"column":30},"end":{"line":73,"column":1}},"27":{"start":{"line":69,"column":2},"end":{"line":72,"column":4}},"28":{"start":{"line":75,"column":29},"end":{"line":81,"column":1}},"29":{"start":{"line":76,"column":2},"end":{"line":80,"column":4}},"30":{"start":{"line":77,"column":4},"end":{"line":79,"column":7}},"31":{"start":{"line":78,"column":6},"end":{"line":78,"column":53}}},"fnMap":{"0":{"name":"(anonymous_0)","decl":{"start":{"line":6,"column":28},"end":{"line":6,"column":29}},"loc":{"start":{"line":6,"column":42},"end":{"line":8,"column":1}},"line":6},"1":{"name":"(anonymous_1)","decl":{"start":{"line":10,"column":27},"end":{"line":10,"column":28}},"loc":{"start":{"line":10,"column":33},"end":{"line":16,"column":1}},"line":10},"2":{"name":"(anonymous_2)","decl":{"start":{"line":11,"column":9},"end":{"line":11,"column":10}},"loc":{"start":{"line":11,"column":23},"end":{"line":15,"column":3}},"line":11},"3":{"name":"(anonymous_3)","decl":{"start":{"line":14,"column":12},"end":{"line":14,"column":13}},"loc":{"start":{"line":14,"column":21},"end":{"line":14,"column":53}},"line":14},"4":{"name":"(anonymous_4)","decl":{"start":{"line":18,"column":27},"end":{"line":18,"column":28}},"loc":{"start":{"line":18,"column":40},"end":{"line":20,"column":1}},"line":18},"5":{"name":"(anonymous_5)","decl":{"start":{"line":22,"column":26},"end":{"line":22,"column":27}},"loc":{"start":{"line":22,"column":34},"end":{"line":28,"column":1}},"line":22},"6":{"name":"(anonymous_6)","decl":{"start":{"line":23,"column":9},"end":{"line":23,"column":10}},"loc":{"start":{"line":23,"column":23},"end":{"line":27,"column":3}},"line":23},"7":{"name":"(anonymous_7)","decl":{"start":{"line":24,"column":49},"end":{"line":24,"column":50}},"loc":{"start":{"line":24,"column":58},"end":{"line":26,"column":5}},"line":24},"8":{"name":"(anonymous_8)","decl":{"start":{"line":30,"column":28},"end":{"line":30,"column":29}},"loc":{"start":{"line":30,"column":36},"end":{"line":38,"column":1}},"line":30},"9":{"name":"(anonymous_9)","decl":{"start":{"line":40,"column":27},"end":{"line":40,"column":28}},"loc":{"start":{"line":40,"column":35},"end":{"line":47,"column":1}},"line":40},"10":{"name":"(anonymous_10)","decl":{"start":{"line":41,"column":9},"end":{"line":41,"column":10}},"loc":{"start":{"line":41,"column":23},"end":{"line":46,"column":3}},"line":41},"11":{"name":"(anonymous_11)","decl":{"start":{"line":42,"column":49},"end":{"line":42,"column":50}},"loc":{"start":{"line":42,"column":58},"end":{"line":45,"column":5}},"line":42},"12":{"name":"(anonymous_12)","decl":{"start":{"line":49,"column":28},"end":{"line":49,"column":29}},"loc":{"start":{"line":49,"column":36},"end":{"line":57,"column":1}},"line":49},"13":{"name":"(anonymous_13)","decl":{"start":{"line":59,"column":27},"end":{"line":59,"column":28}},"loc":{"start":{"line":59,"column":35},"end":{"line":66,"column":1}},"line":59},"14":{"name":"(anonymous_14)","decl":{"start":{"line":60,"column":9},"end":{"line":60,"column":10}},"loc":{"start":{"line":60,"column":23},"end":{"line":65,"column":3}},"line":60},"15":{"name":"(anonymous_15)","decl":{"start":{"line":61,"column":56},"end":{"line":61,"column":57}},"loc":{"start":{"line":61,"column":65},"end":{"line":64,"column":5}},"line":61},"16":{"name":"(anonymous_16)","decl":{"start":{"line":68,"column":30},"end":{"line":68,"column":31}},"loc":{"start":{"line":68,"column":38},"end":{"line":73,"column":1}},"line":68},"17":{"name":"(anonymous_17)","decl":{"start":{"line":75,"column":29},"end":{"line":75,"column":30}},"loc":{"start":{"line":75,"column":37},"end":{"line":81,"column":1}},"line":75},"18":{"name":"(anonymous_18)","decl":{"start":{"line":76,"column":9},"end":{"line":76,"column":10}},"loc":{"start":{"line":76,"column":23},"end":{"line":80,"column":3}},"line":76},"19":{"name":"(anonymous_19)","decl":{"start":{"line":77,"column":52},"end":{"line":77,"column":53}},"loc":{"start":{"line":77,"column":61},"end":{"line":79,"column":5}},"line":77}},"branchMap":{},"s":{"0":7,"1":1,"2":7,"3":2,"4":2,"5":1,"6":7,"7":1,"8":7,"9":12,"10":12,"11":1,"12":7,"13":1,"14":7,"15":1,"16":1,"17":1,"18":1,"19":7,"20":1,"21":7,"22":2,"23":2,"24":1,"25":1,"26":7,"27":1,"28":7,"29":1,"30":1,"31":1},"f":{"0":1,"1":2,"2":2,"3":1,"4":1,"5":12,"6":12,"7":1,"8":1,"9":1,"10":1,"11":1,"12":1,"13":2,"14":2,"15":1,"16":1,"17":1,"18":1,"19":1},"b":{},"_coverageSchema":"43e27e138ebf9cfc5966b082cf9a028302ed4184","hash":"8ca1d0872bdfaeb5bc7fb87c1c565087a9cdc2b6"}
,"/Users/kyeonghwankim/Documents/SWPP/swpp-hw3-qwerq123456/src/store/actions/comment.js": {"path":"/Users/kyeonghwankim/Documents/SWPP/swpp-hw3-qwerq123456/src/store/actions/comment.js","statementMap":{"0":{"start":{"line":6,"column":28},"end":{"line":8,"column":1}},"1":{"start":{"line":7,"column":2},"end":{"line":7,"column":67}},"2":{"start":{"line":10,"column":27},"end":{"line":16,"column":1}},"3":{"start":{"line":11,"column":2},"end":{"line":15,"column":4}},"4":{"start":{"line":12,"column":4},"end":{"line":14,"column":55}},"5":{"start":{"line":14,"column":21},"end":{"line":14,"column":53}},"6":{"start":{"line":18,"column":27},"end":{"line":20,"column":1}},"7":{"start":{"line":19,"column":2},"end":{"line":19,"column":60}},"8":{"start":{"line":22,"column":26},"end":{"line":28,"column":1}},"9":{"start":{"line":23,"column":2},"end":{"line":27,"column":4}},"10":{"start":{"line":24,"column":4},"end":{"line":26,"column":7}},"11":{"start":{"line":25,"column":6},"end":{"line":25,"column":38}},"12":{"start":{"line":30,"column":28},"end":{"line":38,"column":1}},"13":{"start":{"line":31,"column":2},"end":{"line":37,"column":4}},"14":{"start":{"line":40,"column":27},"end":{"line":47,"column":1}},"15":{"start":{"line":41,"column":2},"end":{"line":46,"column":4}},"16":{"start":{"line":42,"column":4},"end":{"line":45,"column":7}},"17":{"start":{"line":43,"column":6},"end":{"line":43,"column":39}},"18":{"start":{"line":44,"column":6},"end":{"line":44,"column":57}},"19":{"start":{"line":49,"column":28},"end":{"line":57,"column":1}},"20":{"start":{"line":50,"column":2},"end":{"line":56,"column":4}},"21":{"start":{"line":59,"column":27},"end":{"line":66,"column":1}},"22":{"start":{"line":60,"column":2},"end":{"line":65,"column":4}},"23":{"start":{"line":61,"column":4},"end":{"line":64,"column":7}},"24":{"start":{"line":62,"column":6},"end":{"line":62,"column":39}},"25":{"start":{"line":63,"column":6},"end":{"line":63,"column":57}},"26":{"start":{"line":68,"column":30},"end":{"line":73,"column":1}},"27":{"start":{"line":69,"column":2},"end":{"line":72,"column":4}},"28":{"start":{"line":75,"column":29},"end":{"line":81,"column":1}},"29":{"start":{"line":76,"column":2},"end":{"line":80,"column":4}},"30":{"start":{"line":77,"column":4},"end":{"line":79,"column":51}},"31":{"start":{"line":79,"column":21},"end":{"line":79,"column":49}}},"fnMap":{"0":{"name":"(anonymous_0)","decl":{"start":{"line":6,"column":28},"end":{"line":6,"column":29}},"loc":{"start":{"line":6,"column":42},"end":{"line":8,"column":1}},"line":6},"1":{"name":"(anonymous_1)","decl":{"start":{"line":10,"column":27},"end":{"line":10,"column":28}},"loc":{"start":{"line":10,"column":33},"end":{"line":16,"column":1}},"line":10},"2":{"name":"(anonymous_2)","decl":{"start":{"line":11,"column":9},"end":{"line":11,"column":10}},"loc":{"start":{"line":11,"column":23},"end":{"line":15,"column":3}},"line":11},"3":{"name":"(anonymous_3)","decl":{"start":{"line":14,"column":12},"end":{"line":14,"column":13}},"loc":{"start":{"line":14,"column":21},"end":{"line":14,"column":53}},"line":14},"4":{"name":"(anonymous_4)","decl":{"start":{"line":18,"column":27},"end":{"line":18,"column":28}},"loc":{"start":{"line":18,"column":40},"end":{"line":20,"column":1}},"line":18},"5":{"name":"(anonymous_5)","decl":{"start":{"line":22,"column":26},"end":{"line":22,"column":27}},"loc":{"start":{"line":22,"column":34},"end":{"line":28,"column":1}},"line":22},"6":{"name":"(anonymous_6)","decl":{"start":{"line":23,"column":9},"end":{"line":23,"column":10}},"loc":{"start":{"line":23,"column":23},"end":{"line":27,"column":3}},"line":23},"7":{"name":"(anonymous_7)","decl":{"start":{"line":24,"column":49},"end":{"line":24,"column":50}},"loc":{"start":{"line":24,"column":58},"end":{"line":26,"column":5}},"line":24},"8":{"name":"(anonymous_8)","decl":{"start":{"line":30,"column":28},"end":{"line":30,"column":29}},"loc":{"start":{"line":30,"column":37},"end":{"line":38,"column":1}},"line":30},"9":{"name":"(anonymous_9)","decl":{"start":{"line":40,"column":27},"end":{"line":40,"column":28}},"loc":{"start":{"line":40,"column":36},"end":{"line":47,"column":1}},"line":40},"10":{"name":"(anonymous_10)","decl":{"start":{"line":41,"column":9},"end":{"line":41,"column":10}},"loc":{"start":{"line":41,"column":23},"end":{"line":46,"column":3}},"line":41},"11":{"name":"(anonymous_11)","decl":{"start":{"line":42,"column":50},"end":{"line":42,"column":51}},"loc":{"start":{"line":42,"column":59},"end":{"line":45,"column":5}},"line":42},"12":{"name":"(anonymous_12)","decl":{"start":{"line":49,"column":28},"end":{"line":49,"column":29}},"loc":{"start":{"line":49,"column":37},"end":{"line":57,"column":1}},"line":49},"13":{"name":"(anonymous_13)","decl":{"start":{"line":59,"column":27},"end":{"line":59,"column":28}},"loc":{"start":{"line":59,"column":36},"end":{"line":66,"column":1}},"line":59},"14":{"name":"(anonymous_14)","decl":{"start":{"line":60,"column":9},"end":{"line":60,"column":10}},"loc":{"start":{"line":60,"column":23},"end":{"line":65,"column":3}},"line":60},"15":{"name":"(anonymous_15)","decl":{"start":{"line":61,"column":60},"end":{"line":61,"column":61}},"loc":{"start":{"line":61,"column":69},"end":{"line":64,"column":5}},"line":61},"16":{"name":"(anonymous_16)","decl":{"start":{"line":68,"column":30},"end":{"line":68,"column":31}},"loc":{"start":{"line":68,"column":38},"end":{"line":73,"column":1}},"line":68},"17":{"name":"(anonymous_17)","decl":{"start":{"line":75,"column":29},"end":{"line":75,"column":30}},"loc":{"start":{"line":75,"column":37},"end":{"line":81,"column":1}},"line":75},"18":{"name":"(anonymous_18)","decl":{"start":{"line":76,"column":9},"end":{"line":76,"column":10}},"loc":{"start":{"line":76,"column":23},"end":{"line":80,"column":3}},"line":76},"19":{"name":"(anonymous_19)","decl":{"start":{"line":79,"column":12},"end":{"line":79,"column":13}},"loc":{"start":{"line":79,"column":21},"end":{"line":79,"column":49}},"line":79}},"branchMap":{},"s":{"0":7,"1":1,"2":7,"3":5,"4":5,"5":1,"6":7,"7":1,"8":7,"9":1,"10":1,"11":1,"12":7,"13":1,"14":7,"15":2,"16":2,"17":1,"18":1,"19":7,"20":0,"21":7,"22":0,"23":0,"24":0,"25":0,"26":7,"27":1,"28":7,"29":1,"30":1,"31":1},"f":{"0":1,"1":5,"2":5,"3":1,"4":1,"5":1,"6":1,"7":1,"8":1,"9":2,"10":2,"11":1,"12":0,"13":0,"14":0,"15":0,"16":1,"17":1,"18":1,"19":1},"b":{},"_coverageSchema":"43e27e138ebf9cfc5966b082cf9a028302ed4184","hash":"7122b9d9aa11778547add075bb44fd259c2bb874"}
,"/Users/kyeonghwankim/Documents/SWPP/swpp-hw3-qwerq123456/src/store/actions/index.js": {"path":"/Users/kyeonghwankim/Documents/SWPP/swpp-hw3-qwerq123456/src/store/actions/index.js","statementMap":{},"fnMap":{},"branchMap":{},"s":{},"f":{},"b":{},"_coverageSchema":"43e27e138ebf9cfc5966b082cf9a028302ed4184","hash":"1f2a71963dc3b2d64a7a1fe50f37e33453982c9d"}
,"/Users/kyeonghwankim/Documents/SWPP/swpp-hw3-qwerq123456/src/store/reducers/article.js": {"path":"/Users/kyeonghwankim/Documents/SWPP/swpp-hw3-qwerq123456/src/store/reducers/article.js","statementMap":{"0":{"start":{"line":3,"column":21},"end":{"line":6,"column":1}},"1":{"start":{"line":8,"column":16},"end":{"line":45,"column":1}},"2":{"start":{"line":9,"column":2},"end":{"line":44,"column":3}},"3":{"start":{"line":11,"column":25},"end":{"line":16,"column":7}},"4":{"start":{"line":17,"column":6},"end":{"line":17,"column":71}},"5":{"start":{"line":19,"column":26},"end":{"line":24,"column":7}},"6":{"start":{"line":25,"column":27},"end":{"line":31,"column":8}},"7":{"start":{"line":26,"column":8},"end":{"line":30,"column":9}},"8":{"start":{"line":27,"column":10},"end":{"line":27,"column":22}},"9":{"start":{"line":29,"column":10},"end":{"line":29,"column":18}},"10":{"start":{"line":32,"column":6},"end":{"line":32,"column":50}},"11":{"start":{"line":34,"column":30},"end":{"line":36,"column":8}},"12":{"start":{"line":35,"column":8},"end":{"line":35,"column":46}},"13":{"start":{"line":37,"column":6},"end":{"line":37,"column":53}},"14":{"start":{"line":39,"column":6},"end":{"line":39,"column":58}},"15":{"start":{"line":41,"column":6},"end":{"line":41,"column":53}},"16":{"start":{"line":43,"column":6},"end":{"line":43,"column":19}}},"fnMap":{"0":{"name":"(anonymous_0)","decl":{"start":{"line":8,"column":16},"end":{"line":8,"column":17}},"loc":{"start":{"line":8,"column":50},"end":{"line":45,"column":1}},"line":8},"1":{"name":"(anonymous_1)","decl":{"start":{"line":25,"column":46},"end":{"line":25,"column":47}},"loc":{"start":{"line":25,"column":59},"end":{"line":31,"column":7}},"line":25},"2":{"name":"(anonymous_2)","decl":{"start":{"line":34,"column":52},"end":{"line":34,"column":53}},"loc":{"start":{"line":34,"column":65},"end":{"line":36,"column":7}},"line":34}},"branchMap":{"0":{"loc":{"start":{"line":8,"column":17},"end":{"line":8,"column":37}},"type":"default-arg","locations":[{"start":{"line":8,"column":25},"end":{"line":8,"column":37}}],"line":8},"1":{"loc":{"start":{"line":9,"column":2},"end":{"line":44,"column":3}},"type":"switch","locations":[{"start":{"line":10,"column":4},"end":{"line":17,"column":71}},{"start":{"line":18,"column":4},"end":{"line":32,"column":50}},{"start":{"line":33,"column":4},"end":{"line":37,"column":53}},{"start":{"line":38,"column":4},"end":{"line":39,"column":58}},{"start":{"line":40,"column":4},"end":{"line":41,"column":53}},{"start":{"line":42,"column":4},"end":{"line":43,"column":19}}],"line":9},"2":{"loc":{"start":{"line":26,"column":8},"end":{"line":30,"column":9}},"type":"if","locations":[{"start":{"line":26,"column":8},"end":{"line":30,"column":9}},{"start":{"line":26,"column":8},"end":{"line":30,"column":9}}],"line":26}},"s":{"0":9,"1":9,"2":39,"3":2,"4":2,"5":2,"6":2,"7":2,"8":2,"9":0,"10":2,"11":2,"12":3,"13":2,"14":2,"15":2,"16":29},"f":{"0":39,"1":2,"2":3},"b":{"0":[29],"1":[2,2,2,2,2,29],"2":[2,0]},"_coverageSchema":"43e27e138ebf9cfc5966b082cf9a028302ed4184","hash":"08563032adb76b7473d9bfebbf1aaeb637cba55f"}
,"/Users/kyeonghwankim/Documents/SWPP/swpp-hw3-qwerq123456/src/store/reducers/comment.js": {"path":"/Users/kyeonghwankim/Documents/SWPP/swpp-hw3-qwerq123456/src/store/reducers/comment.js","statementMap":{"0":{"start":{"line":3,"column":21},"end":{"line":6,"column":1}},"1":{"start":{"line":8,"column":16},"end":{"line":45,"column":1}},"2":{"start":{"line":9,"column":2},"end":{"line":44,"column":3}},"3":{"start":{"line":11,"column":25},"end":{"line":16,"column":7}},"4":{"start":{"line":17,"column":6},"end":{"line":17,"column":71}},"5":{"start":{"line":19,"column":26},"end":{"line":24,"column":7}},"6":{"start":{"line":25,"column":27},"end":{"line":31,"column":8}},"7":{"start":{"line":26,"column":8},"end":{"line":30,"column":9}},"8":{"start":{"line":27,"column":10},"end":{"line":27,"column":22}},"9":{"start":{"line":29,"column":10},"end":{"line":29,"column":18}},"10":{"start":{"line":32,"column":6},"end":{"line":32,"column":50}},"11":{"start":{"line":34,"column":30},"end":{"line":36,"column":8}},"12":{"start":{"line":35,"column":8},"end":{"line":35,"column":46}},"13":{"start":{"line":37,"column":6},"end":{"line":37,"column":53}},"14":{"start":{"line":39,"column":6},"end":{"line":39,"column":58}},"15":{"start":{"line":41,"column":6},"end":{"line":41,"column":53}},"16":{"start":{"line":43,"column":6},"end":{"line":43,"column":19}}},"fnMap":{"0":{"name":"(anonymous_0)","decl":{"start":{"line":8,"column":16},"end":{"line":8,"column":17}},"loc":{"start":{"line":8,"column":50},"end":{"line":45,"column":1}},"line":8},"1":{"name":"(anonymous_1)","decl":{"start":{"line":25,"column":46},"end":{"line":25,"column":47}},"loc":{"start":{"line":25,"column":59},"end":{"line":31,"column":7}},"line":25},"2":{"name":"(anonymous_2)","decl":{"start":{"line":34,"column":52},"end":{"line":34,"column":53}},"loc":{"start":{"line":34,"column":65},"end":{"line":36,"column":7}},"line":34}},"branchMap":{"0":{"loc":{"start":{"line":8,"column":17},"end":{"line":8,"column":37}},"type":"default-arg","locations":[{"start":{"line":8,"column":25},"end":{"line":8,"column":37}}],"line":8},"1":{"loc":{"start":{"line":9,"column":2},"end":{"line":44,"column":3}},"type":"switch","locations":[{"start":{"line":10,"column":4},"end":{"line":17,"column":71}},{"start":{"line":18,"column":4},"end":{"line":32,"column":50}},{"start":{"line":33,"column":4},"end":{"line":37,"column":53}},{"start":{"line":38,"column":4},"end":{"line":39,"column":58}},{"start":{"line":40,"column":4},"end":{"line":41,"column":53}},{"start":{"line":42,"column":4},"end":{"line":43,"column":19}}],"line":9},"2":{"loc":{"start":{"line":26,"column":8},"end":{"line":30,"column":9}},"type":"if","locations":[{"start":{"line":26,"column":8},"end":{"line":30,"column":9}},{"start":{"line":26,"column":8},"end":{"line":30,"column":9}}],"line":26}},"s":{"0":1,"1":1,"2":6,"3":1,"4":1,"5":1,"6":1,"7":0,"8":0,"9":0,"10":1,"11":1,"12":1,"13":1,"14":1,"15":1,"16":1},"f":{"0":6,"1":0,"2":1},"b":{"0":[5],"1":[1,1,1,1,1,1],"2":[0,0]},"_coverageSchema":"43e27e138ebf9cfc5966b082cf9a028302ed4184","hash":"1d49a5bc92ec8105e5b1157d202bad20c90223ae"}
,"/Users/kyeonghwankim/Documents/SWPP/swpp-hw3-qwerq123456/src/test-utils/mocks.js": {"path":"/Users/kyeonghwankim/Documents/SWPP/swpp-hw3-qwerq123456/src/test-utils/mocks.js","statementMap":{"0":{"start":{"line":9,"column":30},"end":{"line":17,"column":1}},"1":{"start":{"line":10,"column":27},"end":{"line":16,"column":3}},"2":{"start":{"line":11,"column":4},"end":{"line":14,"column":5}},"3":{"start":{"line":13,"column":8},"end":{"line":13,"column":14}},"4":{"start":{"line":15,"column":4},"end":{"line":15,"column":17}},"5":{"start":{"line":18,"column":30},"end":{"line":26,"column":1}},"6":{"start":{"line":19,"column":27},"end":{"line":25,"column":3}},"7":{"start":{"line":20,"column":4},"end":{"line":23,"column":5}},"8":{"start":{"line":22,"column":8},"end":{"line":22,"column":14}},"9":{"start":{"line":24,"column":4},"end":{"line":24,"column":17}},"10":{"start":{"line":28,"column":28},"end":{"line":43,"column":1}},"11":{"start":{"line":29,"column":29},"end":{"line":29,"column":71}},"12":{"start":{"line":30,"column":29},"end":{"line":30,"column":71}},"13":{"start":{"line":31,"column":22},"end":{"line":35,"column":4}},"14":{"start":{"line":37,"column":4},"end":{"line":37,"column":58}},"15":{"start":{"line":38,"column":20},"end":{"line":41,"column":3}},"16":{"start":{"line":42,"column":2},"end":{"line":42,"column":19}}},"fnMap":{"0":{"name":"(anonymous_0)","decl":{"start":{"line":10,"column":2},"end":{"line":10,"column":3}},"loc":{"start":{"line":10,"column":27},"end":{"line":16,"column":3}},"line":10},"1":{"name":"(anonymous_1)","decl":{"start":{"line":10,"column":27},"end":{"line":10,"column":28}},"loc":{"start":{"line":10,"column":68},"end":{"line":16,"column":3}},"line":10},"2":{"name":"(anonymous_2)","decl":{"start":{"line":19,"column":2},"end":{"line":19,"column":3}},"loc":{"start":{"line":19,"column":27},"end":{"line":25,"column":3}},"line":19},"3":{"name":"(anonymous_3)","decl":{"start":{"line":19,"column":27},"end":{"line":19,"column":28}},"loc":{"start":{"line":19,"column":68},"end":{"line":25,"column":3}},"line":19},"4":{"name":"(anonymous_4)","decl":{"start":{"line":28,"column":28},"end":{"line":28,"column":29}},"loc":{"start":{"line":28,"column":74},"end":{"line":43,"column":1}},"line":28}},"branchMap":{"0":{"loc":{"start":{"line":10,"column":28},"end":{"line":10,"column":55}},"type":"default-arg","locations":[{"start":{"line":10,"column":36},"end":{"line":10,"column":55}}],"line":10},"1":{"loc":{"start":{"line":11,"column":4},"end":{"line":14,"column":5}},"type":"switch","locations":[{"start":{"line":12,"column":6},"end":{"line":13,"column":14}}],"line":11},"2":{"loc":{"start":{"line":19,"column":28},"end":{"line":19,"column":55}},"type":"default-arg","locations":[{"start":{"line":19,"column":36},"end":{"line":19,"column":55}}],"line":19},"3":{"loc":{"start":{"line":20,"column":4},"end":{"line":23,"column":5}},"type":"switch","locations":[{"start":{"line":21,"column":6},"end":{"line":22,"column":14}}],"line":20},"4":{"loc":{"start":{"line":37,"column":4},"end":{"line":37,"column":58}},"type":"binary-expr","locations":[{"start":{"line":37,"column":4},"end":{"line":37,"column":47}},{"start":{"line":37,"column":51},"end":{"line":37,"column":58}}],"line":37}},"s":{"0":6,"1":6,"2":48,"3":48,"4":48,"5":6,"6":6,"7":48,"8":48,"9":48,"10":6,"11":6,"12":6,"13":6,"14":6,"15":6,"16":6},"f":{"0":6,"1":48,"2":6,"3":48,"4":6},"b":{"0":[18],"1":[48],"2":[18],"3":[48],"4":[6,6]},"_coverageSchema":"43e27e138ebf9cfc5966b082cf9a028302ed4184","hash":"2417a3397f1c2e1633d833e8d3e1ef2ef14fc470"}
}
