TN:
SF:/Users/kyeonghwankim/Documents/SWPP/swpp-hw3-qwerq123456/src/App.js
FN:13,App
FN:28,(anonymous_1)
FNF:2
FNH:2
FNDA:2,App
FNDA:2,(anonymous_1)
DA:14,2
DA:28,2
LF:2
LH:2
BRF:0
BRH:0
end_of_record
TN:
SF:/Users/kyeonghwankim/Documents/SWPP/swpp-hw3-qwerq123456/src/Login/Login.js
FN:9,(anonymous_0)
FN:20,(anonymous_1)
FN:32,(anonymous_2)
FN:39,(anonymous_3)
FN:41,(anonymous_4)
FNF:5
FNH:5
FNDA:1,(anonymous_0)
FNDA:9,(anonymous_1)
FNDA:1,(anonymous_2)
FNDA:1,(anonymous_3)
FNDA:1,(anonymous_4)
DA:4,7
DA:9,7
DA:10,1
DA:11,1
DA:12,0
DA:13,0
DA:15,1
DA:16,0
DA:21,9
DA:22,0
DA:24,9
DA:32,1
DA:39,1
DA:41,1
LF:14
LH:10
BRDA:11,0,0,0
BRDA:11,0,1,1
BRDA:11,1,0,1
BRDA:11,1,1,0
BRDA:15,2,0,0
BRDA:15,2,1,1
BRDA:21,3,0,0
BRDA:21,3,1,9
BRF:8
BRH:4
end_of_record
TN:
SF:/Users/kyeonghwankim/Documents/SWPP/swpp-hw3-qwerq123456/src/components/Article/Article.js
FN:3,(anonymous_0)
FN:11,(anonymous_1)
FNF:2
FNH:2
FNDA:2,(anonymous_0)
FNDA:1,(anonymous_1)
DA:3,3
DA:4,2
DA:5,2
DA:6,2
DA:11,1
LF:5
LH:5
BRF:0
BRH:0
end_of_record
TN:
SF:/Users/kyeonghwankim/Documents/SWPP/swpp-hw3-qwerq123456/src/components/ArticleDetail/ArticleDetail.js
FN:14,(anonymous_0)
FN:19,(anonymous_1)
FN:26,(anonymous_2)
FN:38,(anonymous_3)
FN:42,(anonymous_4)
FN:46,(anonymous_5)
FN:51,(anonymous_6)
FN:55,(anonymous_7)
FN:77,(anonymous_8)
FN:80,(anonymous_9)
FN:101,(anonymous_10)
FN:107,(anonymous_11)
FN:116,(anonymous_12)
FN:124,(anonymous_13)
FN:131,(anonymous_14)
FN:140,(anonymous_15)
FN:146,(anonymous_16)
FN:148,(anonymous_17)
FN:149,(anonymous_18)
FN:150,(anonymous_19)
FN:151,(anonymous_20)
FN:152,(anonymous_21)
FN:161,(anonymous_22)
FNF:23
FNH:12
FNDA:4,(anonymous_0)
FNDA:1,(anonymous_1)
FNDA:0,(anonymous_2)
FNDA:0,(anonymous_3)
FNDA:0,(anonymous_4)
FNDA:0,(anonymous_5)
FNDA:1,(anonymous_6)
FNDA:5,(anonymous_7)
FNDA:0,(anonymous_8)
FNDA:0,(anonymous_9)
FNDA:1,(anonymous_10)
FNDA:1,(anonymous_11)
FNDA:0,(anonymous_12)
FNDA:0,(anonymous_13)
FNDA:1,(anonymous_14)
FNDA:4,(anonymous_15)
FNDA:4,(anonymous_16)
FNDA:4,(anonymous_17)
FNDA:0,(anonymous_18)
FNDA:4,(anonymous_19)
FNDA:0,(anonymous_20)
FNDA:0,(anonymous_21)
FNDA:1,(anonymous_22)
DA:7,4
DA:15,4
DA:16,4
DA:19,4
DA:20,1
DA:26,4
DA:27,0
DA:28,0
DA:29,0
DA:30,0
DA:38,4
DA:39,0
DA:42,4
DA:43,0
DA:46,4
DA:47,0
DA:48,0
DA:51,4
DA:52,1
DA:56,5
DA:57,5
DA:58,5
DA:59,5
DA:60,5
DA:61,5
DA:62,0
DA:63,0
DA:64,0
DA:65,0
DA:66,0
DA:67,0
DA:68,0
DA:69,0
DA:71,0
DA:74,5
DA:75,5
DA:76,0
DA:78,0
DA:81,0
DA:93,5
DA:102,1
DA:107,1
DA:116,0
DA:124,0
DA:131,1
DA:140,2
DA:141,4
DA:146,2
DA:147,4
DA:148,4
DA:149,0
DA:150,4
DA:151,0
DA:153,0
DA:162,1
LF:55
LH:30
BRDA:29,0,0,0
BRDA:29,0,1,0
BRDA:61,1,0,0
BRDA:61,1,1,5
BRDA:66,2,0,0
BRDA:66,2,1,0
BRDA:68,3,0,0
BRDA:68,3,1,0
BRDA:75,4,0,0
BRDA:75,4,1,5
BRDA:75,5,0,5
BRDA:75,5,1,0
BRDA:113,6,0,5
BRDA:113,6,1,0
BRDA:121,7,0,5
BRDA:121,7,1,0
BRF:16
BRH:5
end_of_record
TN:
SF:/Users/kyeonghwankim/Documents/SWPP/swpp-hw3-qwerq123456/src/components/Comment/Comment.js
FN:3,(anonymous_0)
FN:11,(anonymous_1)
FN:19,(anonymous_2)
FNF:3
FNH:3
FNDA:3,(anonymous_0)
FNDA:1,(anonymous_1)
FNDA:1,(anonymous_2)
DA:3,2
DA:4,3
DA:5,3
DA:12,1
DA:20,1
LF:5
LH:5
BRF:0
BRH:0
end_of_record
TN:
SF:/Users/kyeonghwankim/Documents/SWPP/swpp-hw3-qwerq123456/src/containers/ArticleList.js
FN:8,(anonymous_0)
FN:11,(anonymous_1)
FN:14,(anonymous_2)
FN:17,(anonymous_3)
FN:20,(anonymous_4)
FN:36,(anonymous_5)
FN:44,(anonymous_6)
FN:49,(anonymous_7)
FN:51,(anonymous_8)
FNF:9
FNH:5
FNDA:1,(anonymous_0)
FNDA:0,(anonymous_1)
FNDA:0,(anonymous_2)
FNDA:1,(anonymous_3)
FNDA:0,(anonymous_4)
FNDA:0,(anonymous_5)
FNDA:1,(anonymous_6)
FNDA:1,(anonymous_7)
FNDA:1,(anonymous_8)
DA:9,1
DA:11,1
DA:12,0
DA:14,1
DA:15,0
DA:18,1
DA:19,1
DA:20,0
DA:21,0
DA:31,1
DA:36,0
DA:44,2
DA:45,1
DA:49,2
DA:50,1
DA:51,1
LF:16
LH:11
BRDA:19,0,0,0
BRDA:19,0,1,1
BRF:2
BRH:1
end_of_record
TN:
SF:/Users/kyeonghwankim/Documents/SWPP/swpp-hw3-qwerq123456/src/containers/EditArticles/EditArticles.js
FN:14,(anonymous_0)
FN:26,(anonymous_1)
FN:29,(anonymous_2)
FN:38,(anonymous_3)
FN:41,(anonymous_4)
FN:44,(anonymous_5)
FN:54,(anonymous_6)
FN:68,(anonymous_7)
FN:72,(anonymous_8)
FN:78,(anonymous_9)
FN:85,(anonymous_10)
FN:91,(anonymous_11)
FN:106,(anonymous_12)
FN:112,(anonymous_13)
FN:119,(anonymous_14)
FN:125,(anonymous_15)
FN:135,(anonymous_16)
FN:141,(anonymous_17)
FN:143,(anonymous_18)
FN:152,(anonymous_19)
FNF:20
FNH:18
FNDA:7,(anonymous_0)
FNDA:1,(anonymous_1)
FNDA:1,(anonymous_2)
FNDA:2,(anonymous_3)
FNDA:2,(anonymous_4)
FNDA:15,(anonymous_5)
FNDA:2,(anonymous_6)
FNDA:2,(anonymous_7)
FNDA:1,(anonymous_8)
FNDA:1,(anonymous_9)
FNDA:1,(anonymous_10)
FNDA:1,(anonymous_11)
FNDA:0,(anonymous_12)
FNDA:0,(anonymous_13)
FNDA:1,(anonymous_14)
FNDA:1,(anonymous_15)
FNDA:7,(anonymous_16)
FNDA:7,(anonymous_17)
FNDA:1,(anonymous_18)
FNDA:7,(anonymous_19)
DA:7,7
DA:14,7
DA:15,7
DA:16,7
DA:17,0
DA:26,7
DA:27,1
DA:29,7
DA:30,1
DA:36,1
DA:38,7
DA:39,2
DA:41,7
DA:42,2
DA:45,15
DA:46,13
DA:55,2
DA:68,2
DA:72,1
DA:78,1
DA:85,1
DA:91,1
DA:98,2
DA:106,0
DA:112,0
DA:119,1
DA:125,1
DA:135,2
DA:136,7
DA:141,2
DA:142,7
DA:144,1
DA:152,7
LF:33
LH:30
BRDA:16,0,0,0
BRDA:16,0,1,7
BRDA:45,1,0,13
BRDA:45,1,1,2
BRDA:79,2,0,13
BRDA:79,2,1,3
BRDA:113,3,0,2
BRDA:113,3,1,0
BRF:8
BRH:6
end_of_record
TN:
SF:/Users/kyeonghwankim/Documents/SWPP/swpp-hw3-qwerq123456/src/containers/WriteArticle/WriteArticle.js
FN:13,(anonymous_0)
FN:16,(anonymous_1)
FN:24,(anonymous_2)
FN:27,(anonymous_3)
FN:30,(anonymous_4)
FN:40,(anonymous_5)
FN:53,(anonymous_6)
FN:57,(anonymous_7)
FN:63,(anonymous_8)
FN:70,(anonymous_9)
FN:76,(anonymous_10)
FN:91,(anonymous_11)
FN:97,(anonymous_12)
FN:104,(anonymous_13)
FN:110,(anonymous_14)
FN:119,(anonymous_15)
FN:121,(anonymous_16)
FNF:17
FNH:12
FNDA:1,(anonymous_0)
FNDA:0,(anonymous_1)
FNDA:2,(anonymous_2)
FNDA:2,(anonymous_3)
FNDA:13,(anonymous_4)
FNDA:1,(anonymous_5)
FNDA:1,(anonymous_6)
FNDA:1,(anonymous_7)
FNDA:0,(anonymous_8)
FNDA:1,(anonymous_9)
FNDA:1,(anonymous_10)
FNDA:0,(anonymous_11)
FNDA:0,(anonymous_12)
FNDA:1,(anonymous_13)
FNDA:1,(anonymous_14)
FNDA:7,(anonymous_15)
FNDA:0,(anonymous_16)
DA:7,7
DA:13,7
DA:14,1
DA:16,7
DA:17,0
DA:24,7
DA:25,2
DA:27,7
DA:28,2
DA:31,13
DA:32,11
DA:41,1
DA:53,1
DA:57,1
DA:63,0
DA:70,1
DA:76,1
DA:83,2
DA:91,0
DA:97,0
DA:104,1
DA:110,1
DA:119,2
DA:120,7
DA:122,0
LF:25
LH:20
BRDA:31,0,0,11
BRDA:31,0,1,2
BRDA:64,1,0,11
BRDA:64,1,1,1
BRDA:98,2,0,2
BRDA:98,2,1,0
BRF:6
BRH:5
end_of_record
TN:
SF:/Users/kyeonghwankim/Documents/SWPP/swpp-hw3-qwerq123456/src/store/store.js
FNF:0
FNH:0
DA:8,8
DA:9,8
DA:13,8
DA:15,8
DA:16,8
LF:5
LH:5
BRDA:15,0,0,8
BRDA:15,0,1,8
BRF:2
BRH:2
end_of_record
TN:
SF:/Users/kyeonghwankim/Documents/SWPP/swpp-hw3-qwerq123456/src/store/actions/actionTypes.js
FNF:0
FNH:0
DA:1,10
DA:2,10
DA:3,10
DA:4,10
DA:5,10
DA:6,10
DA:7,10
DA:8,10
DA:9,10
DA:10,10
DA:11,10
LF:11
LH:11
BRF:0
BRH:0
end_of_record
TN:
SF:/Users/kyeonghwankim/Documents/SWPP/swpp-hw3-qwerq123456/src/store/actions/article.js
FN:6,(anonymous_0)
FN:10,(anonymous_1)
FN:11,(anonymous_2)
FN:14,(anonymous_3)
FN:18,(anonymous_4)
FN:22,(anonymous_5)
FN:23,(anonymous_6)
FN:24,(anonymous_7)
FN:30,(anonymous_8)
FN:40,(anonymous_9)
FN:41,(anonymous_10)
FN:42,(anonymous_11)
FN:49,(anonymous_12)
FN:59,(anonymous_13)
FN:60,(anonymous_14)
FN:61,(anonymous_15)
FN:68,(anonymous_16)
FN:75,(anonymous_17)
FN:76,(anonymous_18)
FN:77,(anonymous_19)
FNF:20
FNH:20
FNDA:1,(anonymous_0)
FNDA:2,(anonymous_1)
FNDA:2,(anonymous_2)
FNDA:1,(anonymous_3)
FNDA:1,(anonymous_4)
FNDA:12,(anonymous_5)
FNDA:12,(anonymous_6)
FNDA:1,(anonymous_7)
FNDA:1,(anonymous_8)
FNDA:1,(anonymous_9)
FNDA:1,(anonymous_10)
FNDA:1,(anonymous_11)
FNDA:1,(anonymous_12)
FNDA:2,(anonymous_13)
FNDA:2,(anonymous_14)
FNDA:1,(anonymous_15)
FNDA:1,(anonymous_16)
FNDA:1,(anonymous_17)
FNDA:1,(anonymous_18)
FNDA:1,(anonymous_19)
DA:6,7
DA:7,1
DA:10,7
DA:11,2
DA:12,2
DA:14,1
DA:18,7
DA:19,1
DA:22,7
DA:23,12
DA:24,12
DA:25,1
DA:30,7
DA:31,1
DA:40,7
DA:41,1
DA:42,1
DA:43,1
DA:44,1
DA:49,7
DA:50,1
DA:59,7
DA:60,2
DA:61,2
DA:62,1
DA:63,1
DA:68,7
DA:69,1
DA:75,7
DA:76,1
DA:77,1
DA:78,1
LF:32
LH:32
BRF:0
BRH:0
end_of_record
TN:
SF:/Users/kyeonghwankim/Documents/SWPP/swpp-hw3-qwerq123456/src/store/actions/comment.js
FN:6,(anonymous_0)
FN:10,(anonymous_1)
FN:11,(anonymous_2)
FN:14,(anonymous_3)
FN:18,(anonymous_4)
FN:22,(anonymous_5)
FN:23,(anonymous_6)
FN:24,(anonymous_7)
FN:30,(anonymous_8)
FN:40,(anonymous_9)
FN:41,(anonymous_10)
FN:42,(anonymous_11)
FN:49,(anonymous_12)
FN:59,(anonymous_13)
FN:60,(anonymous_14)
FN:61,(anonymous_15)
FN:68,(anonymous_16)
FN:75,(anonymous_17)
FN:76,(anonymous_18)
FN:79,(anonymous_19)
FNF:20
FNH:16
FNDA:1,(anonymous_0)
FNDA:5,(anonymous_1)
FNDA:5,(anonymous_2)
FNDA:1,(anonymous_3)
FNDA:1,(anonymous_4)
FNDA:1,(anonymous_5)
FNDA:1,(anonymous_6)
FNDA:1,(anonymous_7)
FNDA:1,(anonymous_8)
FNDA:2,(anonymous_9)
FNDA:2,(anonymous_10)
FNDA:1,(anonymous_11)
FNDA:0,(anonymous_12)
FNDA:0,(anonymous_13)
FNDA:0,(anonymous_14)
FNDA:0,(anonymous_15)
FNDA:1,(anonymous_16)
FNDA:1,(anonymous_17)
FNDA:1,(anonymous_18)
FNDA:1,(anonymous_19)
DA:6,7
DA:7,1
DA:10,7
DA:11,5
DA:12,5
DA:14,1
DA:18,7
DA:19,1
DA:22,7
DA:23,1
DA:24,1
DA:25,1
DA:30,7
DA:31,1
DA:40,7
DA:41,2
DA:42,2
DA:43,1
DA:44,1
DA:49,7
DA:50,0
DA:59,7
DA:60,0
DA:61,0
DA:62,0
DA:63,0
DA:68,7
DA:69,1
DA:75,7
DA:76,1
DA:77,1
DA:79,1
LF:32
LH:27
BRF:0
BRH:0
end_of_record
TN:
SF:/Users/kyeonghwankim/Documents/SWPP/swpp-hw3-qwerq123456/src/store/actions/index.js
FNF:0
FNH:0
LF:0
LH:0
BRF:0
BRH:0
end_of_record
TN:
SF:/Users/kyeonghwankim/Documents/SWPP/swpp-hw3-qwerq123456/src/store/reducers/article.js
FN:8,(anonymous_0)
FN:25,(anonymous_1)
FN:34,(anonymous_2)
FNF:3
FNH:3
FNDA:39,(anonymous_0)
FNDA:2,(anonymous_1)
FNDA:3,(anonymous_2)
DA:3,9
DA:8,9
DA:9,39
DA:11,2
DA:17,2
DA:19,2
DA:25,2
DA:26,2
DA:27,2
DA:29,0
DA:32,2
DA:34,2
DA:35,3
DA:37,2
DA:39,2
DA:41,2
DA:43,29
LF:17
LH:16
BRDA:8,0,0,29
BRDA:9,1,0,2
BRDA:9,1,1,2
BRDA:9,1,2,2
BRDA:9,1,3,2
BRDA:9,1,4,2
BRDA:9,1,5,29
BRDA:26,2,0,2
BRDA:26,2,1,0
BRF:9
BRH:8
end_of_record
TN:
SF:/Users/kyeonghwankim/Documents/SWPP/swpp-hw3-qwerq123456/src/store/reducers/comment.js
FN:8,(anonymous_0)
FN:25,(anonymous_1)
FN:34,(anonymous_2)
FNF:3
FNH:2
FNDA:6,(anonymous_0)
FNDA:0,(anonymous_1)
FNDA:1,(anonymous_2)
DA:3,1
DA:8,1
DA:9,6
DA:11,1
DA:17,1
DA:19,1
DA:25,1
DA:26,0
DA:27,0
DA:29,0
DA:32,1
DA:34,1
DA:35,1
DA:37,1
DA:39,1
DA:41,1
DA:43,1
LF:17
LH:14
BRDA:8,0,0,5
BRDA:9,1,0,1
BRDA:9,1,1,1
BRDA:9,1,2,1
BRDA:9,1,3,1
BRDA:9,1,4,1
BRDA:9,1,5,1
BRDA:26,2,0,0
BRDA:26,2,1,0
BRF:9
BRH:7
end_of_record
TN:
SF:/Users/kyeonghwankim/Documents/SWPP/swpp-hw3-qwerq123456/src/test-utils/mocks.js
FN:10,(anonymous_0)
FN:10,(anonymous_1)
FN:19,(anonymous_2)
FN:19,(anonymous_3)
FN:28,(anonymous_4)
FNF:5
FNH:5
FNDA:6,(anonymous_0)
FNDA:48,(anonymous_1)
FNDA:6,(anonymous_2)
FNDA:48,(anonymous_3)
FNDA:6,(anonymous_4)
DA:9,6
DA:10,6
DA:11,48
DA:13,48
DA:15,48
DA:18,6
DA:19,6
DA:20,48
DA:22,48
DA:24,48
DA:28,6
DA:29,6
DA:30,6
DA:31,6
DA:37,6
DA:38,6
DA:42,6
LF:17
LH:17
BRDA:10,0,0,18
BRDA:11,1,0,48
BRDA:19,2,0,18
BRDA:20,3,0,48
BRDA:37,4,0,6
BRDA:37,4,1,6
BRF:6
BRH:6
end_of_record
